This file contains any messages produced by compilers while
running configure, to aid debugging if configure makes a mistake.

It was created by configure, which was
generated by GNU Autoconf 2.69.  Invocation command line was

  $ ./configure 

## --------- ##
## Platform. ##
## --------- ##

hostname = raspberrypi
uname -m = armv6l
uname -r = 3.6.11+
uname -s = Linux
uname -v = #371 PREEMPT Thu Feb 7 16:31:35 GMT 2013

/usr/bin/uname -p = unknown
/bin/uname -X     = unknown

/bin/arch              = unknown
/usr/bin/arch -k       = unknown
/usr/convex/getsysinfo = unknown
/usr/bin/hostinfo      = unknown
/bin/machine           = unknown
/usr/bin/oslevel       = unknown
/bin/universe          = unknown

PATH: /usr/local/sbin
PATH: /usr/local/bin
PATH: /usr/sbin
PATH: /usr/bin
PATH: /sbin
PATH: /bin


## ----------- ##
## Core tests. ##
## ----------- ##

configure:2081: checking for grep that handles long lines and -e
configure:2139: result: /bin/grep
configure:2144: checking for egrep
configure:2206: result: /bin/grep -E
configure:2211: checking for a sed that does not truncate output
configure:2275: result: /bin/sed
configure:2409: checking for cc
configure:2425: found /usr/bin/cc
configure:2436: result: cc
configure:2467: checking for C compiler version
configure:2476: cc --version >&5
cc (Debian 4.6.3-14+rpi1) 4.6.3
Copyright (C) 2011 Free Software Foundation, Inc.
This is free software; see the source for copying conditions.  There is NO
warranty; not even for MERCHANTABILITY or FITNESS FOR A PARTICULAR PURPOSE.

configure:2487: $? = 0
configure:2476: cc -v >&5
Using built-in specs.
COLLECT_GCC=cc
COLLECT_LTO_WRAPPER=/usr/lib/gcc/arm-linux-gnueabihf/4.6/lto-wrapper
Target: arm-linux-gnueabihf
Configured with: ../src/configure -v --with-pkgversion='Debian 4.6.3-14+rpi1' --with-bugurl=file:///usr/share/doc/gcc-4.6/README.Bugs --enable-languages=c,c++,fortran,objc,obj-c++ --prefix=/usr --program-suffix=-4.6 --enable-shared --enable-linker-build-id --with-system-zlib --libexecdir=/usr/lib --without-included-gettext --enable-threads=posix --with-gxx-include-dir=/usr/include/c++/4.6 --libdir=/usr/lib --enable-nls --with-sysroot=/ --enable-clocale=gnu --enable-libstdcxx-debug --enable-libstdcxx-time=yes --enable-gnu-unique-object --enable-plugin --enable-objc-gc --disable-sjlj-exceptions --with-arch=armv6 --with-fpu=vfp --with-float=hard --enable-checking=release --build=arm-linux-gnueabihf --host=arm-linux-gnueabihf --target=arm-linux-gnueabihf
Thread model: posix
gcc version 4.6.3 (Debian 4.6.3-14+rpi1) 
configure:2487: $? = 0
configure:2476: cc -V >&5
cc: error: unrecognized option '-V'
cc: fatal error: no input files
compilation terminated.
configure:2487: $? = 4
configure:2476: cc -qversion >&5
cc: error: unrecognized option '-qversion'
cc: fatal error: no input files
compilation terminated.
configure:2487: $? = 4
configure:2507: checking whether the C compiler works
configure:2529: cc    conftest.c  >&5
configure:2533: $? = 0
configure:2581: result: yes
configure:2584: checking for C compiler default output file name
configure:2586: result: a.out
configure:2592: checking for suffix of executables
configure:2599: cc -o conftest    conftest.c  >&5
configure:2603: $? = 0
configure:2625: result: 
configure:2647: checking whether we are cross compiling
configure:2655: cc -o conftest    conftest.c  >&5
configure:2659: $? = 0
configure:2666: ./conftest
configure:2670: $? = 0
configure:2685: result: no
configure:2690: checking for suffix of object files
configure:2712: cc -c   conftest.c >&5
configure:2716: $? = 0
configure:2737: result: o
configure:2741: checking whether we are using the GNU C compiler
configure:2760: cc -c   conftest.c >&5
configure:2760: $? = 0
configure:2769: result: yes
configure:2778: checking whether cc accepts -g
configure:2798: cc -c -g  conftest.c >&5
configure:2798: $? = 0
configure:2839: result: yes
configure:2856: checking for cc option to accept ISO C89
configure:2919: cc  -c -g -O2  conftest.c >&5
configure:2919: $? = 0
configure:2932: result: none needed
configure:2958: checking how to run the C preprocessor
configure:2989: cc -E  conftest.c
configure:2989: $? = 0
configure:3003: cc -E  conftest.c
conftest.c:9:28: fatal error: ac_nonexistent.h: No such file or directory
compilation terminated.
configure:3003: $? = 1
configure: failed program was:
| /* confdefs.h */
| #define PACKAGE_NAME ""
| #define PACKAGE_TARNAME ""
| #define PACKAGE_VERSION ""
| #define PACKAGE_STRING ""
| #define PACKAGE_BUGREPORT ""
| #define PACKAGE_URL ""
| /* end confdefs.h.  */
| #include <ac_nonexistent.h>
configure:3028: result: cc -E
configure:3048: cc -E  conftest.c
configure:3048: $? = 0
configure:3062: cc -E  conftest.c
conftest.c:9:28: fatal error: ac_nonexistent.h: No such file or directory
compilation terminated.
configure:3062: $? = 1
configure: failed program was:
| /* confdefs.h */
| #define PACKAGE_NAME ""
| #define PACKAGE_TARNAME ""
| #define PACKAGE_VERSION ""
| #define PACKAGE_STRING ""
| #define PACKAGE_BUGREPORT ""
| #define PACKAGE_URL ""
| /* end confdefs.h.  */
| #include <ac_nonexistent.h>
configure:3093: checking for icc
configure:3102: result: no
configure:3116: checking for suncc
configure:3125: result: no
configure:3143: checking whether cc understands -c and -o together
configure:3171: cc -c conftest.c -o conftest2.o >&5
configure:3175: $? = 0
configure:3181: cc -c conftest.c -o conftest2.o >&5
configure:3185: $? = 0
configure:3240: result: yes
configure:3254: checking for system library directory
configure:3269: result: lib
configure:3276: checking if compiler supports -R
configure:3295: cc -o conftest -g -O2   conftest.c -R /usr/lib  >&5
cc: error: unrecognized option '-R'
configure:3295: $? = 1
configure: failed program was:
| /* confdefs.h */
| #define PACKAGE_NAME ""
| #define PACKAGE_TARNAME ""
| #define PACKAGE_VERSION ""
| #define PACKAGE_STRING ""
| #define PACKAGE_BUGREPORT ""
| #define PACKAGE_URL ""
| /* end confdefs.h.  */
| 
| int
| main ()
| {
| 
|   ;
|   return 0;
| }
configure:3305: result: no
configure:3310: checking if compiler supports -Wl,-rpath,
configure:3329: cc -o conftest -g -O2   conftest.c -Wl,-rpath,/usr/lib  >&5
configure:3329: $? = 0
configure:3339: result: yes
configure:3384: checking build system type
configure:3398: result: armv6l-unknown-linux-gnueabihf
configure:3418: checking host system type
configure:3431: result: armv6l-unknown-linux-gnueabihf
configure:3451: checking target system type
configure:3464: result: armv6l-unknown-linux-gnueabihf
configure:3567: checking for PHP prefix
configure:3569: result: /usr
configure:3571: checking for PHP includes
configure:3573: result: -I/usr/include/php5 -I/usr/include/php5/main -I/usr/include/php5/TSRM -I/usr/include/php5/Zend -I/usr/include/php5/ext -I/usr/include/php5/ext/date/lib -D_LARGEFILE_SOURCE -D_FILE_OFFSET_BITS=64
configure:3575: checking for PHP extension directory
configure:3577: result: /usr/lib/php5/20100525+lfs
configure:3579: checking for PHP installed headers prefix
configure:3581: result: /usr/include/php5
configure:3584: checking if debug is enabled
configure:3610: result: no
configure:3613: checking if zts is enabled
configure:3639: result: no
configure:3710: checking for re2c
configure:3740: result: no
configure:3765: WARNING: You will need re2c 0.13.4 or later if you want to regenerate PHP parsers.
configure:3779: checking for gawk
configure:3810: result: no
configure:3779: checking for nawk
configure:3796: found /usr/bin/nawk
configure:3807: result: nawk
configure:3830: checking if nawk is broken
configure:3837: result: no
configure:3851: checking whether to enable redis support
configure:3890: result: yes, shared
configure:3899: checking whether to enable sessions
configure:3913: result: yes
configure:3922: checking whether to enable igbinary serializer support
configure:3936: result: no
configure:3978: checking for redis igbinary support
configure:4042: result: disabled
configure:4401: checking how to print strings
configure:4428: result: printf
configure:4449: checking for a sed that does not truncate output
configure:4513: result: /bin/sed
configure:4531: checking for fgrep
configure:4593: result: /bin/grep -F
configure:4628: checking for ld used by cc
configure:4695: result: /usr/bin/ld
configure:4702: checking if the linker (/usr/bin/ld) is GNU ld
configure:4717: result: yes
configure:4729: checking for BSD- or MS-compatible name lister (nm)
configure:4778: result: /usr/bin/nm -B
configure:4908: checking the name lister (/usr/bin/nm -B) interface
configure:4915: cc -c -g -O2  conftest.c >&5
configure:4918: /usr/bin/nm -B "conftest.o"
configure:4921: output
00000000 B some_variable
configure:4928: result: BSD nm
configure:4931: checking whether ln -s works
configure:4935: result: yes
configure:4943: checking the maximum length of command line arguments
configure:5073: result: 1572864
configure:5090: checking whether the shell understands some XSI constructs
configure:5100: result: yes
configure:5104: checking whether the shell understands "+="
configure:5110: result: yes
configure:5145: checking how to convert armv6l-unknown-linux-gnueabihf file names to armv6l-unknown-linux-gnueabihf format
configure:5185: result: func_convert_file_noop
configure:5192: checking how to convert armv6l-unknown-linux-gnueabihf file names to toolchain format
configure:5212: result: func_convert_file_noop
configure:5219: checking for /usr/bin/ld option to reload object files
configure:5226: result: -r
configure:5300: checking for objdump
configure:5316: found /usr/bin/objdump
configure:5327: result: objdump
configure:5359: checking how to recognize dependent libraries
configure:5557: result: pass_all
configure:5642: checking for dlltool
configure:5672: result: no
configure:5702: checking how to associate runtime and link libraries
configure:5729: result: printf %s\n
configure:5789: checking for ar
configure:5805: found /usr/bin/ar
configure:5816: result: ar
configure:5853: checking for archiver @FILE support
configure:5870: cc -c -g -O2  conftest.c >&5
configure:5870: $? = 0
configure:5873: ar cru libconftest.a @conftest.lst >&5
configure:5876: $? = 0
configure:5881: ar cru libconftest.a @conftest.lst >&5
ar: conftest.o: No such file or directory
configure:5884: $? = 1
configure:5896: result: @
configure:5954: checking for strip
configure:5970: found /usr/bin/strip
configure:5981: result: strip
configure:6053: checking for ranlib
configure:6069: found /usr/bin/ranlib
configure:6080: result: ranlib
configure:6157: checking for gawk
configure:6184: result: nawk
configure:6224: checking command to parse /usr/bin/nm -B output from cc object
configure:6344: cc -c -g -O2  conftest.c >&5
configure:6347: $? = 0
configure:6351: /usr/bin/nm -B conftest.o \| sed -n -e 's/^.*[ ]\([ABCDGIRSTW][ABCDGIRSTW]*\)[ ][ ]*\([_A-Za-z][_A-Za-z0-9]*\)$/\1 \2 \2/p' | sed '/ __gnu_lto/d' \> conftest.nm
configure:6354: $? = 0
configure:6420: cc -o conftest -g -O2   conftest.c conftstm.o >&5
configure:6423: $? = 0
configure:6461: result: ok
configure:6498: checking for sysroot
configure:6528: result: no
configure:6784: checking for mt
configure:6800: found /bin/mt
configure:6811: result: mt
configure:6834: checking if mt is a manifest tool
configure:6840: mt '-?'
configure:6848: result: no
configure:7485: checking for ANSI C header files
configure:7505: cc -c -g -O2  conftest.c >&5
configure:7505: $? = 0
configure:7578: cc -o conftest -g -O2   conftest.c  >&5
configure:7578: $? = 0
configure:7578: ./conftest
configure:7578: $? = 0
configure:7589: result: yes
configure:7602: checking for sys/types.h
configure:7602: cc -c -g -O2  conftest.c >&5
configure:7602: $? = 0
configure:7602: result: yes
configure:7602: checking for sys/stat.h
configure:7602: cc -c -g -O2  conftest.c >&5
configure:7602: $? = 0
configure:7602: result: yes
configure:7602: checking for stdlib.h
configure:7602: cc -c -g -O2  conftest.c >&5
configure:7602: $? = 0
configure:7602: result: yes
configure:7602: checking for string.h
configure:7602: cc -c -g -O2  conftest.c >&5
configure:7602: $? = 0
configure:7602: result: yes
configure:7602: checking for memory.h
configure:7602: cc -c -g -O2  conftest.c >&5
configure:7602: $? = 0
configure:7602: result: yes
configure:7602: checking for strings.h
configure:7602: cc -c -g -O2  conftest.c >&5
configure:7602: $? = 0
configure:7602: result: yes
configure:7602: checking for inttypes.h
configure:7602: cc -c -g -O2  conftest.c >&5
configure:7602: $? = 0
configure:7602: result: yes
configure:7602: checking for stdint.h
configure:7602: cc -c -g -O2  conftest.c >&5
configure:7602: $? = 0
configure:7602: result: yes
configure:7602: checking for unistd.h
configure:7602: cc -c -g -O2  conftest.c >&5
configure:7602: $? = 0
configure:7602: result: yes
configure:7616: checking for dlfcn.h
configure:7616: cc -c -g -O2  conftest.c >&5
configure:7616: $? = 0
configure:7616: result: yes
configure:7822: checking for objdir
configure:7837: result: .libs
configure:8108: checking if cc supports -fno-rtti -fno-exceptions
configure:8126: cc -c -g -O2  -fno-rtti -fno-exceptions conftest.c >&5
cc1: warning: command line option '-fno-rtti' is valid for C++/ObjC++ but not for C [enabled by default]
configure:8130: $? = 0
configure:8143: result: no
configure:8470: checking for cc option to produce PIC
configure:8477: result: -fPIC -DPIC
configure:8485: checking if cc PIC flag -fPIC -DPIC works
configure:8503: cc -c -g -O2  -fPIC -DPIC -DPIC conftest.c >&5
configure:8507: $? = 0
configure:8520: result: yes
configure:8549: checking if cc static flag -static works
configure:8577: result: yes
configure:8592: checking if cc supports -c -o file.o
configure:8613: cc -c -g -O2  -o out/conftest2.o conftest.c >&5
configure:8617: $? = 0
configure:8639: result: yes
configure:8647: checking if cc supports -c -o file.o
configure:8694: result: yes
configure:8727: checking whether the cc linker (/usr/bin/ld) supports shared libraries
configure:9884: result: yes
configure:9921: checking whether -lc should be explicitly linked in
configure:9929: cc -c -g -O2  conftest.c >&5
configure:9932: $? = 0
configure:9947: cc -shared  -fPIC -DPIC conftest.o  -v -Wl,-soname -Wl,conftest -o conftest 2\>\&1 \| /bin/grep  -lc  \>/dev/null 2\>\&1
configure:9950: $? = 0
configure:9964: result: no
configure:10124: checking dynamic linker characteristics
configure:10624: cc -o conftest -g -O2   -Wl,-rpath -Wl,/foo conftest.c  >&5
configure:10624: $? = 0
configure:10858: result: GNU/Linux ld.so
configure:10965: checking how to hardcode library paths into programs
configure:10990: result: immediate
configure:11530: checking whether stripping libraries is possible
configure:11535: result: yes
configure:11570: checking if libtool supports shared libraries
configure:11572: result: yes
configure:11575: checking whether to build shared libraries
configure:11596: result: yes
configure:11599: checking whether to build static libraries
configure:11603: result: no
configure:11879: creating ./config.status

## ---------------------- ##
## Running config.status. ##
## ---------------------- ##

This file was extended by config.status, which was
generated by GNU Autoconf 2.69.  Invocation command line was

  CONFIG_FILES    = 
  CONFIG_HEADERS  = 
  CONFIG_LINKS    = 
  CONFIG_COMMANDS = 
  $ ./config.status 

on raspberrypi

config.status:887: creating config.h
config.status:977: config.h is unchanged
config.status:991: executing libtool commands

## ---------------- ##
## Cache variables. ##
## ---------------- ##

ac_cv_build=armv6l-unknown-linux-gnueabihf
ac_cv_c_compiler_gnu=yes
ac_cv_env_CC_set=
ac_cv_env_CC_value=
ac_cv_env_CFLAGS_set=
ac_cv_env_CFLAGS_value=
ac_cv_env_CPPFLAGS_set=
ac_cv_env_CPPFLAGS_value=
ac_cv_env_CPP_set=
ac_cv_env_CPP_value=
ac_cv_env_LDFLAGS_set=
ac_cv_env_LDFLAGS_value=
ac_cv_env_LIBS_set=
ac_cv_env_LIBS_value=
ac_cv_env_build_alias_set=
ac_cv_env_build_alias_value=
ac_cv_env_host_alias_set=
ac_cv_env_host_alias_value=
ac_cv_env_target_alias_set=
ac_cv_env_target_alias_value=
ac_cv_header_dlfcn_h=yes
ac_cv_header_inttypes_h=yes
ac_cv_header_memory_h=yes
ac_cv_header_stdc=yes
ac_cv_header_stdint_h=yes
ac_cv_header_stdlib_h=yes
ac_cv_header_string_h=yes
ac_cv_header_strings_h=yes
ac_cv_header_sys_stat_h=yes
ac_cv_header_sys_types_h=yes
ac_cv_header_unistd_h=yes
ac_cv_host=armv6l-unknown-linux-gnueabihf
ac_cv_objext=o
ac_cv_path_EGREP='/bin/grep -E'
ac_cv_path_FGREP='/bin/grep -F'
ac_cv_path_GREP=/bin/grep
ac_cv_path_SED=/bin/sed
ac_cv_prog_AWK=nawk
ac_cv_prog_CPP='cc -E'
ac_cv_prog_ac_ct_AR=ar
ac_cv_prog_ac_ct_CC=cc
ac_cv_prog_ac_ct_MANIFEST_TOOL=mt
ac_cv_prog_ac_ct_OBJDUMP=objdump
ac_cv_prog_ac_ct_RANLIB=ranlib
ac_cv_prog_ac_ct_STRIP=strip
ac_cv_prog_cc_c89=
ac_cv_prog_cc_cc_c_o=yes
ac_cv_prog_cc_g=yes
ac_cv_target=armv6l-unknown-linux-gnueabihf
lt_cv_ar_at_file=@
lt_cv_archive_cmds_need_lc=no
lt_cv_deplibs_check_method=pass_all
lt_cv_file_magic_cmd='$MAGIC_CMD'
lt_cv_file_magic_test_file=
lt_cv_ld_reload_flag=-r
lt_cv_nm_interface='BSD nm'
lt_cv_objdir=.libs
lt_cv_path_LD=/usr/bin/ld
lt_cv_path_NM='/usr/bin/nm -B'
lt_cv_path_mainfest_tool=no
lt_cv_prog_compiler_c_o=yes
lt_cv_prog_compiler_pic='-fPIC -DPIC'
lt_cv_prog_compiler_pic_works=yes
lt_cv_prog_compiler_rtti_exceptions=no
lt_cv_prog_compiler_static_works=yes
lt_cv_prog_gnu_ld=yes
lt_cv_sharedlib_from_linklib_cmd='printf %s\n'
lt_cv_shlibpath_overrides_runpath=no
lt_cv_sys_global_symbol_pipe='sed -n -e '\''s/^.*[	 ]\([ABCDGIRSTW][ABCDGIRSTW]*\)[	 ][	 ]*\([_A-Za-z][_A-Za-z0-9]*\)$/\1 \2 \2/p'\'' | sed '\''/ __gnu_lto/d'\'''
lt_cv_sys_global_symbol_to_c_name_address='sed -n -e '\''s/^: \([^ ]*\)[ ]*$/  {\"\1\", (void *) 0},/p'\'' -e '\''s/^[ABCDGIRSTW]* \([^ ]*\) \([^ ]*\)$/  {"\2", (void *) \&\2},/p'\'''
lt_cv_sys_global_symbol_to_c_name_address_lib_prefix='sed -n -e '\''s/^: \([^ ]*\)[ ]*$/  {\"\1\", (void *) 0},/p'\'' -e '\''s/^[ABCDGIRSTW]* \([^ ]*\) \(lib[^ ]*\)$/  {"\2", (void *) \&\2},/p'\'' -e '\''s/^[ABCDGIRSTW]* \([^ ]*\) \([^ ]*\)$/  {"lib\2", (void *) \&\2},/p'\'''
lt_cv_sys_global_symbol_to_cdecl='sed -n -e '\''s/^T .* \(.*\)$/extern int \1();/p'\'' -e '\''s/^[ABCDGIRSTW]* .* \(.*\)$/extern char \1;/p'\'''
lt_cv_sys_max_cmd_len=1572864
lt_cv_to_host_file_cmd=func_convert_file_noop
lt_cv_to_tool_file_cmd=func_convert_file_noop
php_cv_cc_dashr=no
php_cv_cc_rpath=yes

## ----------------- ##
## Output variables. ##
## ----------------- ##

AR='ar'
AWK='nawk'
CC='cc'
CFLAGS='-g -O2'
CONFIGURE_COMMAND=' '\''./configure'\'' '
CONFIGURE_OPTIONS=''
CPP='cc -E'
CPPFLAGS=' -DHAVE_CONFIG_H'
DEFS='-DHAVE_CONFIG_H'
DLLTOOL='false'
DSYMUTIL=''
DUMPBIN=''
ECHO_C=''
ECHO_N='-n'
ECHO_T=''
EGREP='/bin/grep -E'
EXEEXT=''
FGREP='/bin/grep -F'
GREP='/bin/grep'
LD='/usr/bin/ld'
LDFLAGS=''
LIBOBJS=''
LIBS=''
LIBTOOL='$(SHELL) $(top_builddir)/libtool'
LIPO=''
LN_S='ln -s'
LTLIBOBJS=''
MANIFEST_TOOL=':'
NM='/usr/bin/nm -B'
NMEDIT=''
OBJDUMP='objdump'
OBJEXT='o'
OTOOL64=''
OTOOL=''
PACKAGE_BUGREPORT=''
PACKAGE_NAME=''
PACKAGE_STRING=''
PACKAGE_TARNAME=''
PACKAGE_URL=''
PACKAGE_VERSION=''
PATH_SEPARATOR=':'
RANLIB='ranlib'
RE2C='exit 0;'
SED='/bin/sed'
SHELL='/bin/bash'
SHLIB_DL_SUFFIX_NAME='so'
SHLIB_SUFFIX_NAME='so'
STRIP='strip'
ac_ct_AR='ar'
ac_ct_CC='cc'
ac_ct_DUMPBIN=''
bindir='${exec_prefix}/bin'
build='armv6l-unknown-linux-gnueabihf'
build_alias=''
build_cpu='armv6l'
build_os='linux-gnueabihf'
build_vendor='unknown'
datadir='${datarootdir}'
datarootdir='${prefix}/share'
docdir='${datarootdir}/doc/${PACKAGE}'
dvidir='${docdir}'
exec_prefix='$(prefix)'
host='armv6l-unknown-linux-gnueabihf'
host_alias='armv6l-unknown-linux-gnueabihf'
host_cpu='armv6l'
host_os='linux-gnueabihf'
host_vendor='unknown'
htmldir='${docdir}'
includedir='${prefix}/include'
infodir='${datarootdir}/info'
libdir='${exec_prefix}/lib'
libexecdir='${exec_prefix}/libexec'
localedir='${datarootdir}/locale'
localstatedir='${prefix}/var'
mandir='${datarootdir}/man'
oldincludedir='/usr/include'
pdfdir='${docdir}'
prefix='/usr'
program_transform_name='s,x,x,'
psdir='${docdir}'
sbindir='${exec_prefix}/sbin'
sharedstatedir='${prefix}/com'
sysconfdir='${prefix}/etc'
target='armv6l-unknown-linux-gnueabihf'
target_alias=''
target_cpu='armv6l'
target_os='linux-gnueabihf'
target_vendor='unknown'

## ----------- ##
## confdefs.h. ##
## ----------- ##

/* confdefs.h */
#define PACKAGE_NAME ""
#define PACKAGE_TARNAME ""
#define PACKAGE_VERSION ""
#define PACKAGE_STRING ""
#define PACKAGE_BUGREPORT ""
#define PACKAGE_URL ""
#define PHP_SESSION 1
#define COMPILE_DL_REDIS 1
#define STDC_HEADERS 1
#define HAVE_SYS_TYPES_H 1
#define HAVE_SYS_STAT_H 1
#define HAVE_STDLIB_H 1
#define HAVE_STRING_H 1
#define HAVE_MEMORY_H 1
#define HAVE_STRINGS_H 1
#define HAVE_INTTYPES_H 1
#define HAVE_STDINT_H 1
#define HAVE_UNISTD_H 1
#define HAVE_DLFCN_H 1
#define LT_OBJDIR ".libs/"

configure: exit 0
